2016-06-19 13:44:32 Error: [MissingPluginException] Plugin DebugKit could not be found.
Exception Attributes: array (
  'plugin' => 'DebugKit',
)
Stack Trace:
#0 /opt/lampp/htdocs/CakePHP-BackOffice/app/Config/bootstrap.php(110): CakePlugin::load('DebugKit')
#1 /opt/lampp/htdocs/CakePHP-BackOffice/lib/Cake/Core/Configure.php(92): include('/opt/lampp/htdo...')
#2 /opt/lampp/htdocs/CakePHP-BackOffice/lib/Cake/bootstrap.php(177): Configure::bootstrap(true)
#3 /opt/lampp/htdocs/CakePHP-BackOffice/app/webroot/index.php(92): include('/opt/lampp/htdo...')
#4 {main}
2016-06-19 17:43:28 Error: [MissingControllerException] Controller class AdminController could not be found.
Exception Attributes: array (
  'class' => 'AdminController',
  'plugin' => NULL,
)
Request URL: /CakePHP-BackOffice/admin
Stack Trace:
#0 /opt/lampp/htdocs/CakePHP-BackOffice/app/webroot/index.php(110): Dispatcher->dispatch(Object(CakeRequest), Object(CakeResponse))
#1 {main}
2016-06-19 18:23:52 Error: [MissingControllerException] Controller class AdminController could not be found.
Exception Attributes: array (
  'class' => 'AdminController',
  'plugin' => NULL,
)
Request URL: /CakePHP-BackOffice/admin
Stack Trace:
#0 /opt/lampp/htdocs/CakePHP-BackOffice/app/webroot/index.php(110): Dispatcher->dispatch(Object(CakeRequest), Object(CakeResponse))
#1 {main}
2016-06-20 06:44:24 Error: [MissingControllerException] Controller class AdminController could not be found.
Exception Attributes: array (
  'class' => 'AdminController',
  'plugin' => NULL,
)
Request URL: /CakePHP-BackOffice/admin
Stack Trace:
#0 /opt/lampp/htdocs/CakePHP-BackOffice/app/webroot/index.php(110): Dispatcher->dispatch(Object(CakeRequest), Object(CakeResponse))
#1 {main}
2016-06-20 13:11:28 Error: [MissingActionException] Action AppController::webroot() could not be found.
Exception Attributes: array (
  'controller' => 'AppController',
  'action' => 'webroot',
)
Request URL: /CakePHP-BackOffice/app/webroot/templates/dashgum/assets/img/nav-expand.png
Stack Trace:
#0 /opt/lampp/htdocs/CakePHP-BackOffice/lib/Cake/Routing/Dispatcher.php(193): Controller->invokeAction(Object(CakeRequest))
#1 /opt/lampp/htdocs/CakePHP-BackOffice/lib/Cake/Routing/Dispatcher.php(167): Dispatcher->_invoke(Object(AppController), Object(CakeRequest))
#2 /opt/lampp/htdocs/CakePHP-BackOffice/app/webroot/index.php(111): Dispatcher->dispatch(Object(CakeRequest), Object(CakeResponse))
#3 {main}
2016-06-20 13:11:28 Error: [MissingActionException] Action AppController::webroot() could not be found.
Exception Attributes: array (
  'controller' => 'AppController',
  'action' => 'webroot',
)
Request URL: /CakePHP-BackOffice/app/webroot/templates/dashgum/show_data.php?action=1&year=2016&month=6
Stack Trace:
#0 /opt/lampp/htdocs/CakePHP-BackOffice/lib/Cake/Routing/Dispatcher.php(193): Controller->invokeAction(Object(CakeRequest))
#1 /opt/lampp/htdocs/CakePHP-BackOffice/lib/Cake/Routing/Dispatcher.php(167): Dispatcher->_invoke(Object(AppController), Object(CakeRequest))
#2 /opt/lampp/htdocs/CakePHP-BackOffice/app/webroot/index.php(111): Dispatcher->dispatch(Object(CakeRequest), Object(CakeResponse))
#3 {main}
2016-06-20 13:12:20 Error: [MissingControllerException] Controller class CssController could not be found.
Exception Attributes: array (
  'class' => 'CssController',
  'plugin' => NULL,
)
Request URL: /CakePHP-BackOffice/css/bootstrap.min.css
Stack Trace:
#0 /opt/lampp/htdocs/CakePHP-BackOffice/app/webroot/index.php(111): Dispatcher->dispatch(Object(CakeRequest), Object(CakeResponse))
#1 {main}
2016-06-20 13:12:31 Error: [MissingControllerException] Controller class CssController could not be found.
Exception Attributes: array (
  'class' => 'CssController',
  'plugin' => NULL,
)
Request URL: /CakePHP-BackOffice/css/bootstrap.min.css
Stack Trace:
#0 /opt/lampp/htdocs/CakePHP-BackOffice/app/webroot/index.php(111): Dispatcher->dispatch(Object(CakeRequest), Object(CakeResponse))
#1 {main}
2016-06-20 13:12:58 Error: [MissingControllerException] Controller class CssController could not be found.
Exception Attributes: array (
  'class' => 'CssController',
  'plugin' => NULL,
)
Request URL: /CakePHP-BackOffice/css/bootstrap.min.css
Stack Trace:
#0 /opt/lampp/htdocs/CakePHP-BackOffice/app/webroot/index.php(111): Dispatcher->dispatch(Object(CakeRequest), Object(CakeResponse))
#1 {main}
2016-06-20 13:13:06 Error: [MissingControllerException] Controller class CssController could not be found.
Exception Attributes: array (
  'class' => 'CssController',
  'plugin' => NULL,
)
Request URL: /CakePHP-BackOffice/css/bootstrap.min.css
Stack Trace:
#0 /opt/lampp/htdocs/CakePHP-BackOffice/app/webroot/index.php(111): Dispatcher->dispatch(Object(CakeRequest), Object(CakeResponse))
#1 {main}
2016-06-20 13:13:18 Error: [MissingControllerException] Controller class CssController could not be found.
Exception Attributes: array (
  'class' => 'CssController',
  'plugin' => NULL,
)
Request URL: /CakePHP-BackOffice/css/bootstrap.min.css
Stack Trace:
#0 /opt/lampp/htdocs/CakePHP-BackOffice/app/webroot/index.php(111): Dispatcher->dispatch(Object(CakeRequest), Object(CakeResponse))
#1 {main}
2016-06-20 13:14:10 Error: [MissingControllerException] Controller class CssController could not be found.
Exception Attributes: array (
  'class' => 'CssController',
  'plugin' => NULL,
)
Request URL: /CakePHP-BackOffice/css/bootstrap.min.css
Stack Trace:
#0 /opt/lampp/htdocs/CakePHP-BackOffice/app/webroot/index.php(111): Dispatcher->dispatch(Object(CakeRequest), Object(CakeResponse))
#1 {main}
2016-06-20 13:16:01 Error: [MissingControllerException] Controller class CssController could not be found.
Exception Attributes: array (
  'class' => 'CssController',
  'plugin' => NULL,
)
Request URL: /CakePHP-BackOffice/css/bootstrap.min.css
Stack Trace:
#0 /opt/lampp/htdocs/CakePHP-BackOffice/app/webroot/index.php(111): Dispatcher->dispatch(Object(CakeRequest), Object(CakeResponse))
#1 {main}
2016-06-20 13:17:23 Error: Fatal Error (1): Unsupported operand types in [/opt/lampp/htdocs/CakePHP-BackOffice/lib/Cake/View/Helper/HtmlHelper.php, line 426]
2016-06-20 13:17:23 Error: [FatalErrorException] Unsupported operand types
Request URL: /CakePHP-BackOffice/admin/users
Stack Trace:
#0 /opt/lampp/htdocs/CakePHP-BackOffice/lib/Cake/Error/ErrorHandler.php(213): ErrorHandler::handleFatalError(1, 'Unsupported ope...', '/opt/lampp/htdo...', 426)
#1 [internal function]: ErrorHandler::handleError(1, 'Unsupported ope...', '/opt/lampp/htdo...', 426, Array)
#2 /opt/lampp/htdocs/CakePHP-BackOffice/lib/Cake/Core/App.php(970): call_user_func('ErrorHandler::h...', 1, 'Unsupported ope...', '/opt/lampp/htdo...', 426, Array)
#3 /opt/lampp/htdocs/CakePHP-BackOffice/lib/Cake/Core/App.php(943): App::_checkFatalError()
#4 [internal function]: App::shutdown()
#5 {main}
2016-06-20 13:17:40 Error: Fatal Error (1): Unsupported operand types in [/opt/lampp/htdocs/CakePHP-BackOffice/lib/Cake/View/Helper/HtmlHelper.php, line 426]
2016-06-20 13:17:40 Error: [FatalErrorException] Unsupported operand types
Request URL: /CakePHP-BackOffice/admin/users
Stack Trace:
#0 /opt/lampp/htdocs/CakePHP-BackOffice/lib/Cake/Error/ErrorHandler.php(213): ErrorHandler::handleFatalError(1, 'Unsupported ope...', '/opt/lampp/htdo...', 426)
#1 [internal function]: ErrorHandler::handleError(1, 'Unsupported ope...', '/opt/lampp/htdo...', 426, Array)
#2 /opt/lampp/htdocs/CakePHP-BackOffice/lib/Cake/Core/App.php(970): call_user_func('ErrorHandler::h...', 1, 'Unsupported ope...', '/opt/lampp/htdo...', 426, Array)
#3 /opt/lampp/htdocs/CakePHP-BackOffice/lib/Cake/Core/App.php(943): App::_checkFatalError()
#4 [internal function]: App::shutdown()
#5 {main}
2016-06-20 13:18:33 Error: [MissingActionException] Action AppController::webroot() could not be found.
Exception Attributes: array (
  'controller' => 'AppController',
  'action' => 'webroot',
)
Request URL: /CakePHP-BackOffice/app/webroot/templates/dashgum/assets/img/nav-expand.png
Stack Trace:
#0 /opt/lampp/htdocs/CakePHP-BackOffice/lib/Cake/Routing/Dispatcher.php(193): Controller->invokeAction(Object(CakeRequest))
#1 /opt/lampp/htdocs/CakePHP-BackOffice/lib/Cake/Routing/Dispatcher.php(167): Dispatcher->_invoke(Object(AppController), Object(CakeRequest))
#2 /opt/lampp/htdocs/CakePHP-BackOffice/app/webroot/index.php(111): Dispatcher->dispatch(Object(CakeRequest), Object(CakeResponse))
#3 {main}
2016-06-20 13:18:33 Error: [MissingActionException] Action AppController::webroot() could not be found.
Exception Attributes: array (
  'controller' => 'AppController',
  'action' => 'webroot',
)
Request URL: /CakePHP-BackOffice/app/webroot/templates/dashgum/show_data.php?action=1&year=2016&month=6
Stack Trace:
#0 /opt/lampp/htdocs/CakePHP-BackOffice/lib/Cake/Routing/Dispatcher.php(193): Controller->invokeAction(Object(CakeRequest))
#1 /opt/lampp/htdocs/CakePHP-BackOffice/lib/Cake/Routing/Dispatcher.php(167): Dispatcher->_invoke(Object(AppController), Object(CakeRequest))
#2 /opt/lampp/htdocs/CakePHP-BackOffice/app/webroot/index.php(111): Dispatcher->dispatch(Object(CakeRequest), Object(CakeResponse))
#3 {main}
2016-06-20 13:18:35 Error: [MissingControllerException] Controller class CssController could not be found.
Exception Attributes: array (
  'class' => 'CssController',
  'plugin' => NULL,
)
Request URL: /CakePHP-BackOffice/css/font-awesome.css
Stack Trace:
#0 /opt/lampp/htdocs/CakePHP-BackOffice/app/webroot/index.php(111): Dispatcher->dispatch(Object(CakeRequest), Object(CakeResponse))
#1 {main}
2016-06-20 13:18:46 Error: [MissingControllerException] Controller class CssController could not be found.
Exception Attributes: array (
  'class' => 'CssController',
  'plugin' => NULL,
)
Request URL: /CakePHP-BackOffice/css/font-awesome.css
Stack Trace:
#0 /opt/lampp/htdocs/CakePHP-BackOffice/app/webroot/index.php(111): Dispatcher->dispatch(Object(CakeRequest), Object(CakeResponse))
#1 {main}
2016-06-20 13:19:42 Error: [MissingControllerException] Controller class CssController could not be found.
Exception Attributes: array (
  'class' => 'CssController',
  'plugin' => NULL,
)
Request URL: /CakePHP-BackOffice/css/font-awesome/css/font-awesome.css
Stack Trace:
#0 /opt/lampp/htdocs/CakePHP-BackOffice/app/webroot/index.php(111): Dispatcher->dispatch(Object(CakeRequest), Object(CakeResponse))
#1 {main}
2016-06-20 13:19:46 Error: [MissingControllerException] Controller class CssController could not be found.
Exception Attributes: array (
  'class' => 'CssController',
  'plugin' => NULL,
)
Request URL: /CakePHP-BackOffice/css/font-awesome/css/font-awesome.css
Stack Trace:
#0 /opt/lampp/htdocs/CakePHP-BackOffice/app/webroot/index.php(111): Dispatcher->dispatch(Object(CakeRequest), Object(CakeResponse))
#1 {main}
2016-06-20 13:20:35 Error: [MissingControllerException] Controller class CssController could not be found.
Exception Attributes: array (
  'class' => 'CssController',
  'plugin' => NULL,
)
Request URL: /CakePHP-BackOffice/css/font-awesome.css
Stack Trace:
#0 /opt/lampp/htdocs/CakePHP-BackOffice/app/webroot/index.php(111): Dispatcher->dispatch(Object(CakeRequest), Object(CakeResponse))
#1 {main}
2016-06-20 13:20:40 Error: [MissingControllerException] Controller class CssController could not be found.
Exception Attributes: array (
  'class' => 'CssController',
  'plugin' => NULL,
)
Request URL: /CakePHP-BackOffice/css/font-awesome.css
Stack Trace:
#0 /opt/lampp/htdocs/CakePHP-BackOffice/app/webroot/index.php(111): Dispatcher->dispatch(Object(CakeRequest), Object(CakeResponse))
#1 {main}
2016-06-20 13:39:08 Error: [MissingControllerException] Controller class JsController could not be found.
Exception Attributes: array (
  'class' => 'JsController',
  'plugin' => NULL,
)
Request URL: /CakePHP-BackOffice/js/jquery.gritter.js
Stack Trace:
#0 /opt/lampp/htdocs/CakePHP-BackOffice/app/webroot/index.php(111): Dispatcher->dispatch(Object(CakeRequest), Object(CakeResponse))
#1 {main}
2016-06-20 13:39:09 Error: [MissingControllerException] Controller class JsController could not be found.
Exception Attributes: array (
  'class' => 'JsController',
  'plugin' => NULL,
)
Request URL: /CakePHP-BackOffice/js/jquery.gritter.js
Stack Trace:
#0 /opt/lampp/htdocs/CakePHP-BackOffice/app/webroot/index.php(111): Dispatcher->dispatch(Object(CakeRequest), Object(CakeResponse))
#1 {main}
2016-06-20 13:42:07 Error: [MissingControllerException] Controller class JsController could not be found.
Exception Attributes: array (
  'class' => 'JsController',
  'plugin' => NULL,
)
Request URL: /CakePHP-BackOffice/js/jquery.gritter.js
Stack Trace:
#0 /opt/lampp/htdocs/CakePHP-BackOffice/app/webroot/index.php(111): Dispatcher->dispatch(Object(CakeRequest), Object(CakeResponse))
#1 {main}
2016-06-20 13:42:07 Error: [MissingControllerException] Controller class JsController could not be found.
Exception Attributes: array (
  'class' => 'JsController',
  'plugin' => NULL,
)
Request URL: /CakePHP-BackOffice/js/jquery.gritter.js
Stack Trace:
#0 /opt/lampp/htdocs/CakePHP-BackOffice/app/webroot/index.php(111): Dispatcher->dispatch(Object(CakeRequest), Object(CakeResponse))
#1 {main}
2016-06-20 13:42:10 Error: [MissingControllerException] Controller class JsController could not be found.
Exception Attributes: array (
  'class' => 'JsController',
  'plugin' => NULL,
)
Request URL: /CakePHP-BackOffice/js/jquery.gritter.js
Stack Trace:
#0 /opt/lampp/htdocs/CakePHP-BackOffice/app/webroot/index.php(111): Dispatcher->dispatch(Object(CakeRequest), Object(CakeResponse))
#1 {main}
2016-06-20 13:42:10 Error: [MissingControllerException] Controller class JsController could not be found.
Exception Attributes: array (
  'class' => 'JsController',
  'plugin' => NULL,
)
Request URL: /CakePHP-BackOffice/js/jquery.gritter.js
Stack Trace:
#0 /opt/lampp/htdocs/CakePHP-BackOffice/app/webroot/index.php(111): Dispatcher->dispatch(Object(CakeRequest), Object(CakeResponse))
#1 {main}
2016-06-20 13:47:04 Error: [MissingControllerException] Controller class JsController could not be found.
Exception Attributes: array (
  'class' => 'JsController',
  'plugin' => NULL,
)
Request URL: /CakePHP-BackOffice/js/jquery.gritter.js
Stack Trace:
#0 /opt/lampp/htdocs/CakePHP-BackOffice/app/webroot/index.php(111): Dispatcher->dispatch(Object(CakeRequest), Object(CakeResponse))
#1 {main}
2016-06-20 13:47:04 Error: [MissingControllerException] Controller class JsController could not be found.
Exception Attributes: array (
  'class' => 'JsController',
  'plugin' => NULL,
)
Request URL: /CakePHP-BackOffice/js/jquery.gritter.js
Stack Trace:
#0 /opt/lampp/htdocs/CakePHP-BackOffice/app/webroot/index.php(111): Dispatcher->dispatch(Object(CakeRequest), Object(CakeResponse))
#1 {main}
2016-06-20 13:47:51 Error: [MissingControllerException] Controller class JsController could not be found.
Exception Attributes: array (
  'class' => 'JsController',
  'plugin' => NULL,
)
Request URL: /CakePHP-BackOffice/js/jquery.gritter.js
Stack Trace:
#0 /opt/lampp/htdocs/CakePHP-BackOffice/app/webroot/index.php(111): Dispatcher->dispatch(Object(CakeRequest), Object(CakeResponse))
#1 {main}
2016-06-20 13:47:51 Error: [MissingControllerException] Controller class AssetsController could not be found.
Exception Attributes: array (
  'class' => 'AssetsController',
  'plugin' => NULL,
)
Request URL: /CakePHP-BackOffice/admin/assets/img/ui-zac.jpg
Stack Trace:
#0 /opt/lampp/htdocs/CakePHP-BackOffice/app/webroot/index.php(111): Dispatcher->dispatch(Object(CakeRequest), Object(CakeResponse))
#1 {main}
2016-06-20 13:47:51 Error: [MissingControllerException] Controller class AssetsController could not be found.
Exception Attributes: array (
  'class' => 'AssetsController',
  'plugin' => NULL,
)
Request URL: /CakePHP-BackOffice/admin/assets/img/ui-danro.jpg
Stack Trace:
#0 /opt/lampp/htdocs/CakePHP-BackOffice/app/webroot/index.php(111): Dispatcher->dispatch(Object(CakeRequest), Object(CakeResponse))
#1 {main}
2016-06-20 13:47:51 Error: [MissingControllerException] Controller class AssetsController could not be found.
Exception Attributes: array (
  'class' => 'AssetsController',
  'plugin' => NULL,
)
Request URL: /CakePHP-BackOffice/admin/assets/img/ui-sherman.jpg
Stack Trace:
#0 /opt/lampp/htdocs/CakePHP-BackOffice/app/webroot/index.php(111): Dispatcher->dispatch(Object(CakeRequest), Object(CakeResponse))
#1 {main}
2016-06-20 13:47:51 Error: [MissingControllerException] Controller class AssetsController could not be found.
Exception Attributes: array (
  'class' => 'AssetsController',
  'plugin' => NULL,
)
Request URL: /CakePHP-BackOffice/admin/assets/img/ui-divya.jpg
Stack Trace:
#0 /opt/lampp/htdocs/CakePHP-BackOffice/app/webroot/index.php(111): Dispatcher->dispatch(Object(CakeRequest), Object(CakeResponse))
#1 {main}
2016-06-20 13:47:51 Error: [MissingControllerException] Controller class AssetsController could not be found.
Exception Attributes: array (
  'class' => 'AssetsController',
  'plugin' => NULL,
)
Request URL: /CakePHP-BackOffice/admin/assets/img/ui-zac.jpg
Stack Trace:
#0 /opt/lampp/htdocs/CakePHP-BackOffice/app/webroot/index.php(111): Dispatcher->dispatch(Object(CakeRequest), Object(CakeResponse))
#1 {main}
2016-06-20 13:47:51 Error: [MissingControllerException] Controller class JsController could not be found.
Exception Attributes: array (
  'class' => 'JsController',
  'plugin' => NULL,
)
Request URL: /CakePHP-BackOffice/js/jquery.gritter.js
Stack Trace:
#0 /opt/lampp/htdocs/CakePHP-BackOffice/app/webroot/index.php(111): Dispatcher->dispatch(Object(CakeRequest), Object(CakeResponse))
#1 {main}
2016-06-20 13:49:12 Error: [MissingControllerException] Controller class JsController could not be found.
Exception Attributes: array (
  'class' => 'JsController',
  'plugin' => NULL,
)
Request URL: /CakePHP-BackOffice/js/jquery.gritter.js
Stack Trace:
#0 /opt/lampp/htdocs/CakePHP-BackOffice/app/webroot/index.php(111): Dispatcher->dispatch(Object(CakeRequest), Object(CakeResponse))
#1 {main}
2016-06-20 13:49:12 Error: [MissingControllerException] Controller class AssetsController could not be found.
Exception Attributes: array (
  'class' => 'AssetsController',
  'plugin' => NULL,
)
Request URL: /CakePHP-BackOffice/admin/assets/img/ui-zac.jpg
Stack Trace:
#0 /opt/lampp/htdocs/CakePHP-BackOffice/app/webroot/index.php(111): Dispatcher->dispatch(Object(CakeRequest), Object(CakeResponse))
#1 {main}
2016-06-20 13:49:12 Error: [MissingControllerException] Controller class AssetsController could not be found.
Exception Attributes: array (
  'class' => 'AssetsController',
  'plugin' => NULL,
)
Request URL: /CakePHP-BackOffice/admin/assets/img/ui-sherman.jpg
Stack Trace:
#0 /opt/lampp/htdocs/CakePHP-BackOffice/app/webroot/index.php(111): Dispatcher->dispatch(Object(CakeRequest), Object(CakeResponse))
#1 {main}
2016-06-20 13:49:12 Error: [MissingControllerException] Controller class AssetsController could not be found.
Exception Attributes: array (
  'class' => 'AssetsController',
  'plugin' => NULL,
)
Request URL: /CakePHP-BackOffice/admin/assets/img/ui-divya.jpg
Stack Trace:
#0 /opt/lampp/htdocs/CakePHP-BackOffice/app/webroot/index.php(111): Dispatcher->dispatch(Object(CakeRequest), Object(CakeResponse))
#1 {main}
2016-06-20 13:49:12 Error: [MissingControllerException] Controller class AssetsController could not be found.
Exception Attributes: array (
  'class' => 'AssetsController',
  'plugin' => NULL,
)
Request URL: /CakePHP-BackOffice/admin/assets/img/ui-danro.jpg
Stack Trace:
#0 /opt/lampp/htdocs/CakePHP-BackOffice/app/webroot/index.php(111): Dispatcher->dispatch(Object(CakeRequest), Object(CakeResponse))
#1 {main}
2016-06-20 13:49:12 Error: [MissingControllerException] Controller class AssetsController could not be found.
Exception Attributes: array (
  'class' => 'AssetsController',
  'plugin' => NULL,
)
Request URL: /CakePHP-BackOffice/admin/assets/img/ui-zac.jpg
Stack Trace:
#0 /opt/lampp/htdocs/CakePHP-BackOffice/app/webroot/index.php(111): Dispatcher->dispatch(Object(CakeRequest), Object(CakeResponse))
#1 {main}
2016-06-20 13:49:12 Error: [MissingControllerException] Controller class JsController could not be found.
Exception Attributes: array (
  'class' => 'JsController',
  'plugin' => NULL,
)
Request URL: /CakePHP-BackOffice/js/jquery.gritter.js
Stack Trace:
#0 /opt/lampp/htdocs/CakePHP-BackOffice/app/webroot/index.php(111): Dispatcher->dispatch(Object(CakeRequest), Object(CakeResponse))
#1 {main}
2016-06-20 13:49:16 Error: [MissingControllerException] Controller class Login.htmlController could not be found.
Exception Attributes: array (
  'class' => 'Login.htmlController',
  'plugin' => NULL,
)
Request URL: /CakePHP-BackOffice/admin/login.html
Stack Trace:
#0 /opt/lampp/htdocs/CakePHP-BackOffice/app/webroot/index.php(111): Dispatcher->dispatch(Object(CakeRequest), Object(CakeResponse))
#1 {main}
2016-06-20 13:49:17 Error: [MissingControllerException] Controller class AssetsController could not be found.
Exception Attributes: array (
  'class' => 'AssetsController',
  'plugin' => NULL,
)
Request URL: /CakePHP-BackOffice/admin/assets/img/ui-divya.jpg
Stack Trace:
#0 /opt/lampp/htdocs/CakePHP-BackOffice/app/webroot/index.php(111): Dispatcher->dispatch(Object(CakeRequest), Object(CakeResponse))
#1 {main}
2016-06-20 13:49:17 Error: [MissingControllerException] Controller class AssetsController could not be found.
Exception Attributes: array (
  'class' => 'AssetsController',
  'plugin' => NULL,
)
Request URL: /CakePHP-BackOffice/admin/assets/img/ui-zac.jpg
Stack Trace:
#0 /opt/lampp/htdocs/CakePHP-BackOffice/app/webroot/index.php(111): Dispatcher->dispatch(Object(CakeRequest), Object(CakeResponse))
#1 {main}
2016-06-20 13:49:17 Error: [MissingControllerException] Controller class AssetsController could not be found.
Exception Attributes: array (
  'class' => 'AssetsController',
  'plugin' => NULL,
)
Request URL: /CakePHP-BackOffice/admin/assets/img/ui-danro.jpg
Stack Trace:
#0 /opt/lampp/htdocs/CakePHP-BackOffice/app/webroot/index.php(111): Dispatcher->dispatch(Object(CakeRequest), Object(CakeResponse))
#1 {main}
2016-06-20 13:49:17 Error: [MissingControllerException] Controller class JsController could not be found.
Exception Attributes: array (
  'class' => 'JsController',
  'plugin' => NULL,
)
Request URL: /CakePHP-BackOffice/js/jquery.gritter.js
Stack Trace:
#0 /opt/lampp/htdocs/CakePHP-BackOffice/app/webroot/index.php(111): Dispatcher->dispatch(Object(CakeRequest), Object(CakeResponse))
#1 {main}
2016-06-20 13:49:17 Error: [MissingControllerException] Controller class AssetsController could not be found.
Exception Attributes: array (
  'class' => 'AssetsController',
  'plugin' => NULL,
)
Request URL: /CakePHP-BackOffice/admin/assets/img/ui-sherman.jpg
Stack Trace:
#0 /opt/lampp/htdocs/CakePHP-BackOffice/app/webroot/index.php(111): Dispatcher->dispatch(Object(CakeRequest), Object(CakeResponse))
#1 {main}
2016-06-20 13:50:08 Error: [MissingControllerException] Controller class JsController could not be found.
Exception Attributes: array (
  'class' => 'JsController',
  'plugin' => NULL,
)
Request URL: /CakePHP-BackOffice/js/jquery.gritter.js
Stack Trace:
#0 /opt/lampp/htdocs/CakePHP-BackOffice/app/webroot/index.php(111): Dispatcher->dispatch(Object(CakeRequest), Object(CakeResponse))
#1 {main}
2016-06-20 13:50:08 Error: [MissingControllerException] Controller class AssetsController could not be found.
Exception Attributes: array (
  'class' => 'AssetsController',
  'plugin' => NULL,
)
Request URL: /CakePHP-BackOffice/admin/assets/img/ui-zac.jpg
Stack Trace:
#0 /opt/lampp/htdocs/CakePHP-BackOffice/app/webroot/index.php(111): Dispatcher->dispatch(Object(CakeRequest), Object(CakeResponse))
#1 {main}
2016-06-20 13:50:08 Error: [MissingControllerException] Controller class AssetsController could not be found.
Exception Attributes: array (
  'class' => 'AssetsController',
  'plugin' => NULL,
)
Request URL: /CakePHP-BackOffice/admin/assets/img/ui-divya.jpg
Stack Trace:
#0 /opt/lampp/htdocs/CakePHP-BackOffice/app/webroot/index.php(111): Dispatcher->dispatch(Object(CakeRequest), Object(CakeResponse))
#1 {main}
2016-06-20 13:50:08 Error: [MissingControllerException] Controller class AssetsController could not be found.
Exception Attributes: array (
  'class' => 'AssetsController',
  'plugin' => NULL,
)
Request URL: /CakePHP-BackOffice/admin/assets/img/ui-sherman.jpg
Stack Trace:
#0 /opt/lampp/htdocs/CakePHP-BackOffice/app/webroot/index.php(111): Dispatcher->dispatch(Object(CakeRequest), Object(CakeResponse))
#1 {main}
2016-06-20 13:50:08 Error: [MissingControllerException] Controller class AssetsController could not be found.
Exception Attributes: array (
  'class' => 'AssetsController',
  'plugin' => NULL,
)
Request URL: /CakePHP-BackOffice/admin/assets/img/ui-danro.jpg
Stack Trace:
#0 /opt/lampp/htdocs/CakePHP-BackOffice/app/webroot/index.php(111): Dispatcher->dispatch(Object(CakeRequest), Object(CakeResponse))
#1 {main}
2016-06-20 13:50:08 Error: [MissingControllerException] Controller class AssetsController could not be found.
Exception Attributes: array (
  'class' => 'AssetsController',
  'plugin' => NULL,
)
Request URL: /CakePHP-BackOffice/admin/assets/img/ui-zac.jpg
Stack Trace:
#0 /opt/lampp/htdocs/CakePHP-BackOffice/app/webroot/index.php(111): Dispatcher->dispatch(Object(CakeRequest), Object(CakeResponse))
#1 {main}
2016-06-20 13:50:09 Error: [MissingControllerException] Controller class JsController could not be found.
Exception Attributes: array (
  'class' => 'JsController',
  'plugin' => NULL,
)
Request URL: /CakePHP-BackOffice/js/jquery.gritter.js
Stack Trace:
#0 /opt/lampp/htdocs/CakePHP-BackOffice/app/webroot/index.php(111): Dispatcher->dispatch(Object(CakeRequest), Object(CakeResponse))
#1 {main}
2016-06-20 13:51:43 Error: [MissingControllerException] Controller class JsController could not be found.
Exception Attributes: array (
  'class' => 'JsController',
  'plugin' => NULL,
)
Request URL: /CakePHP-BackOffice/js/jquery.gritter.js
Stack Trace:
#0 /opt/lampp/htdocs/CakePHP-BackOffice/app/webroot/index.php(111): Dispatcher->dispatch(Object(CakeRequest), Object(CakeResponse))
#1 {main}
2016-06-20 13:51:43 Error: [MissingControllerException] Controller class AssetsController could not be found.
Exception Attributes: array (
  'class' => 'AssetsController',
  'plugin' => NULL,
)
Request URL: /CakePHP-BackOffice/admin/assets/img/ui-zac.jpg
Stack Trace:
#0 /opt/lampp/htdocs/CakePHP-BackOffice/app/webroot/index.php(111): Dispatcher->dispatch(Object(CakeRequest), Object(CakeResponse))
#1 {main}
2016-06-20 13:51:43 Error: [MissingControllerException] Controller class AssetsController could not be found.
Exception Attributes: array (
  'class' => 'AssetsController',
  'plugin' => NULL,
)
Request URL: /CakePHP-BackOffice/admin/assets/img/ui-divya.jpg
Stack Trace:
#0 /opt/lampp/htdocs/CakePHP-BackOffice/app/webroot/index.php(111): Dispatcher->dispatch(Object(CakeRequest), Object(CakeResponse))
#1 {main}
2016-06-20 13:51:43 Error: [MissingControllerException] Controller class AssetsController could not be found.
Exception Attributes: array (
  'class' => 'AssetsController',
  'plugin' => NULL,
)
Request URL: /CakePHP-BackOffice/admin/assets/img/ui-danro.jpg
Stack Trace:
#0 /opt/lampp/htdocs/CakePHP-BackOffice/app/webroot/index.php(111): Dispatcher->dispatch(Object(CakeRequest), Object(CakeResponse))
#1 {main}
2016-06-20 13:51:43 Error: [MissingControllerException] Controller class AssetsController could not be found.
Exception Attributes: array (
  'class' => 'AssetsController',
  'plugin' => NULL,
)
Request URL: /CakePHP-BackOffice/admin/assets/img/ui-sherman.jpg
Stack Trace:
#0 /opt/lampp/htdocs/CakePHP-BackOffice/app/webroot/index.php(111): Dispatcher->dispatch(Object(CakeRequest), Object(CakeResponse))
#1 {main}
2016-06-20 13:51:43 Error: [MissingControllerException] Controller class AssetsController could not be found.
Exception Attributes: array (
  'class' => 'AssetsController',
  'plugin' => NULL,
)
Request URL: /CakePHP-BackOffice/admin/assets/img/ui-sam.jpg
Stack Trace:
#0 /opt/lampp/htdocs/CakePHP-BackOffice/app/webroot/index.php(111): Dispatcher->dispatch(Object(CakeRequest), Object(CakeResponse))
#1 {main}
2016-06-20 13:51:43 Error: [MissingControllerException] Controller class AssetsController could not be found.
Exception Attributes: array (
  'class' => 'AssetsController',
  'plugin' => NULL,
)
Request URL: /CakePHP-BackOffice/admin/assets/img/ui-zac.jpg
Stack Trace:
#0 /opt/lampp/htdocs/CakePHP-BackOffice/app/webroot/index.php(111): Dispatcher->dispatch(Object(CakeRequest), Object(CakeResponse))
#1 {main}
2016-06-20 13:51:43 Error: [MissingControllerException] Controller class JsController could not be found.
Exception Attributes: array (
  'class' => 'JsController',
  'plugin' => NULL,
)
Request URL: /CakePHP-BackOffice/js/jquery.gritter.js
Stack Trace:
#0 /opt/lampp/htdocs/CakePHP-BackOffice/app/webroot/index.php(111): Dispatcher->dispatch(Object(CakeRequest), Object(CakeResponse))
#1 {main}
2016-06-20 13:51:44 Error: [MissingControllerException] Controller class ImgController could not be found.
Exception Attributes: array (
  'class' => 'ImgController',
  'plugin' => NULL,
)
Request URL: /CakePHP-BackOffice/img/nav-expand.png
Stack Trace:
#0 /opt/lampp/htdocs/CakePHP-BackOffice/app/webroot/index.php(111): Dispatcher->dispatch(Object(CakeRequest), Object(CakeResponse))
#1 {main}
2016-06-20 13:51:52 Error: [MissingControllerException] Controller class JsController could not be found.
Exception Attributes: array (
  'class' => 'JsController',
  'plugin' => NULL,
)
Request URL: /CakePHP-BackOffice/js/jquery.gritter.js
Stack Trace:
#0 /opt/lampp/htdocs/CakePHP-BackOffice/app/webroot/index.php(111): Dispatcher->dispatch(Object(CakeRequest), Object(CakeResponse))
#1 {main}
2016-06-20 13:51:52 Error: [MissingControllerException] Controller class AssetsController could not be found.
Exception Attributes: array (
  'class' => 'AssetsController',
  'plugin' => NULL,
)
Request URL: /CakePHP-BackOffice/admin/assets/img/ui-zac.jpg
Stack Trace:
#0 /opt/lampp/htdocs/CakePHP-BackOffice/app/webroot/index.php(111): Dispatcher->dispatch(Object(CakeRequest), Object(CakeResponse))
#1 {main}
2016-06-20 13:51:52 Error: [MissingControllerException] Controller class AssetsController could not be found.
Exception Attributes: array (
  'class' => 'AssetsController',
  'plugin' => NULL,
)
Request URL: /CakePHP-BackOffice/admin/assets/img/ui-divya.jpg
Stack Trace:
#0 /opt/lampp/htdocs/CakePHP-BackOffice/app/webroot/index.php(111): Dispatcher->dispatch(Object(CakeRequest), Object(CakeResponse))
#1 {main}
2016-06-20 13:51:52 Error: [MissingControllerException] Controller class AssetsController could not be found.
Exception Attributes: array (
  'class' => 'AssetsController',
  'plugin' => NULL,
)
Request URL: /CakePHP-BackOffice/admin/assets/img/ui-sherman.jpg
Stack Trace:
#0 /opt/lampp/htdocs/CakePHP-BackOffice/app/webroot/index.php(111): Dispatcher->dispatch(Object(CakeRequest), Object(CakeResponse))
#1 {main}
2016-06-20 13:51:52 Error: [MissingControllerException] Controller class AssetsController could not be found.
Exception Attributes: array (
  'class' => 'AssetsController',
  'plugin' => NULL,
)
Request URL: /CakePHP-BackOffice/admin/assets/img/ui-danro.jpg
Stack Trace:
#0 /opt/lampp/htdocs/CakePHP-BackOffice/app/webroot/index.php(111): Dispatcher->dispatch(Object(CakeRequest), Object(CakeResponse))
#1 {main}
2016-06-20 13:51:52 Error: [MissingControllerException] Controller class AssetsController could not be found.
Exception Attributes: array (
  'class' => 'AssetsController',
  'plugin' => NULL,
)
Request URL: /CakePHP-BackOffice/admin/assets/img/ui-sam.jpg
Stack Trace:
#0 /opt/lampp/htdocs/CakePHP-BackOffice/app/webroot/index.php(111): Dispatcher->dispatch(Object(CakeRequest), Object(CakeResponse))
#1 {main}
2016-06-20 13:51:52 Error: [MissingControllerException] Controller class AssetsController could not be found.
Exception Attributes: array (
  'class' => 'AssetsController',
  'plugin' => NULL,
)
Request URL: /CakePHP-BackOffice/admin/assets/img/ui-zac.jpg
Stack Trace:
#0 /opt/lampp/htdocs/CakePHP-BackOffice/app/webroot/index.php(111): Dispatcher->dispatch(Object(CakeRequest), Object(CakeResponse))
#1 {main}
2016-06-20 13:51:53 Error: [MissingControllerException] Controller class JsController could not be found.
Exception Attributes: array (
  'class' => 'JsController',
  'plugin' => NULL,
)
Request URL: /CakePHP-BackOffice/js/jquery.gritter.js
Stack Trace:
#0 /opt/lampp/htdocs/CakePHP-BackOffice/app/webroot/index.php(111): Dispatcher->dispatch(Object(CakeRequest), Object(CakeResponse))
#1 {main}
2016-06-20 13:51:53 Error: [MissingControllerException] Controller class ImgController could not be found.
Exception Attributes: array (
  'class' => 'ImgController',
  'plugin' => NULL,
)
Request URL: /CakePHP-BackOffice/img/nav-expand.png
Stack Trace:
#0 /opt/lampp/htdocs/CakePHP-BackOffice/app/webroot/index.php(111): Dispatcher->dispatch(Object(CakeRequest), Object(CakeResponse))
#1 {main}
2016-06-20 13:53:55 Error: [MissingControllerException] Controller class JsController could not be found.
Exception Attributes: array (
  'class' => 'JsController',
  'plugin' => NULL,
)
Request URL: /CakePHP-BackOffice/js/jquery.gritter.js
Stack Trace:
#0 /opt/lampp/htdocs/CakePHP-BackOffice/app/webroot/index.php(111): Dispatcher->dispatch(Object(CakeRequest), Object(CakeResponse))
#1 {main}
2016-06-20 13:53:55 Error: [MissingControllerException] Controller class AssetsController could not be found.
Exception Attributes: array (
  'class' => 'AssetsController',
  'plugin' => NULL,
)
Request URL: /CakePHP-BackOffice/admin/assets/img/ui-zac.jpg
Stack Trace:
#0 /opt/lampp/htdocs/CakePHP-BackOffice/app/webroot/index.php(111): Dispatcher->dispatch(Object(CakeRequest), Object(CakeResponse))
#1 {main}
2016-06-20 13:53:55 Error: [MissingControllerException] Controller class AssetsController could not be found.
Exception Attributes: array (
  'class' => 'AssetsController',
  'plugin' => NULL,
)
Request URL: /CakePHP-BackOffice/admin/assets/img/ui-divya.jpg
Stack Trace:
#0 /opt/lampp/htdocs/CakePHP-BackOffice/app/webroot/index.php(111): Dispatcher->dispatch(Object(CakeRequest), Object(CakeResponse))
#1 {main}
2016-06-20 13:53:55 Error: [MissingControllerException] Controller class AssetsController could not be found.
Exception Attributes: array (
  'class' => 'AssetsController',
  'plugin' => NULL,
)
Request URL: /CakePHP-BackOffice/admin/assets/img/ui-danro.jpg
Stack Trace:
#0 /opt/lampp/htdocs/CakePHP-BackOffice/app/webroot/index.php(111): Dispatcher->dispatch(Object(CakeRequest), Object(CakeResponse))
#1 {main}
2016-06-20 13:53:55 Error: [MissingControllerException] Controller class AssetsController could not be found.
Exception Attributes: array (
  'class' => 'AssetsController',
  'plugin' => NULL,
)
Request URL: /CakePHP-BackOffice/admin/assets/img/ui-sherman.jpg
Stack Trace:
#0 /opt/lampp/htdocs/CakePHP-BackOffice/app/webroot/index.php(111): Dispatcher->dispatch(Object(CakeRequest), Object(CakeResponse))
#1 {main}
2016-06-20 13:53:55 Error: [MissingControllerException] Controller class AssetsController could not be found.
Exception Attributes: array (
  'class' => 'AssetsController',
  'plugin' => NULL,
)
Request URL: /CakePHP-BackOffice/admin/assets/img/ui-sam.jpg
Stack Trace:
#0 /opt/lampp/htdocs/CakePHP-BackOffice/app/webroot/index.php(111): Dispatcher->dispatch(Object(CakeRequest), Object(CakeResponse))
#1 {main}
2016-06-20 13:53:55 Error: [MissingControllerException] Controller class AssetsController could not be found.
Exception Attributes: array (
  'class' => 'AssetsController',
  'plugin' => NULL,
)
Request URL: /CakePHP-BackOffice/admin/assets/img/ui-zac.jpg
Stack Trace:
#0 /opt/lampp/htdocs/CakePHP-BackOffice/app/webroot/index.php(111): Dispatcher->dispatch(Object(CakeRequest), Object(CakeResponse))
#1 {main}
2016-06-20 13:53:56 Error: [MissingControllerException] Controller class JsController could not be found.
Exception Attributes: array (
  'class' => 'JsController',
  'plugin' => NULL,
)
Request URL: /CakePHP-BackOffice/js/jquery.gritter.js
Stack Trace:
#0 /opt/lampp/htdocs/CakePHP-BackOffice/app/webroot/index.php(111): Dispatcher->dispatch(Object(CakeRequest), Object(CakeResponse))
#1 {main}
2016-06-20 13:53:56 Error: [MissingControllerException] Controller class ImgController could not be found.
Exception Attributes: array (
  'class' => 'ImgController',
  'plugin' => NULL,
)
Request URL: /CakePHP-BackOffice/img/nav-expand.png
Stack Trace:
#0 /opt/lampp/htdocs/CakePHP-BackOffice/app/webroot/index.php(111): Dispatcher->dispatch(Object(CakeRequest), Object(CakeResponse))
#1 {main}
2016-06-20 13:54:40 Error: [MissingControllerException] Controller class JsController could not be found.
Exception Attributes: array (
  'class' => 'JsController',
  'plugin' => NULL,
)
Request URL: /CakePHP-BackOffice/js/jquery.gritter.js
Stack Trace:
#0 /opt/lampp/htdocs/CakePHP-BackOffice/app/webroot/index.php(111): Dispatcher->dispatch(Object(CakeRequest), Object(CakeResponse))
#1 {main}
2016-06-20 13:54:40 Error: [MissingControllerException] Controller class AssetsController could not be found.
Exception Attributes: array (
  'class' => 'AssetsController',
  'plugin' => NULL,
)
Request URL: /CakePHP-BackOffice/admin/assets/img/ui-zac.jpg
Stack Trace:
#0 /opt/lampp/htdocs/CakePHP-BackOffice/app/webroot/index.php(111): Dispatcher->dispatch(Object(CakeRequest), Object(CakeResponse))
#1 {main}
2016-06-20 13:54:40 Error: [MissingControllerException] Controller class AssetsController could not be found.
Exception Attributes: array (
  'class' => 'AssetsController',
  'plugin' => NULL,
)
Request URL: /CakePHP-BackOffice/admin/assets/img/ui-divya.jpg
Stack Trace:
#0 /opt/lampp/htdocs/CakePHP-BackOffice/app/webroot/index.php(111): Dispatcher->dispatch(Object(CakeRequest), Object(CakeResponse))
#1 {main}
2016-06-20 13:54:41 Error: [MissingControllerException] Controller class AssetsController could not be found.
Exception Attributes: array (
  'class' => 'AssetsController',
  'plugin' => NULL,
)
Request URL: /CakePHP-BackOffice/admin/assets/img/ui-danro.jpg
Stack Trace:
#0 /opt/lampp/htdocs/CakePHP-BackOffice/app/webroot/index.php(111): Dispatcher->dispatch(Object(CakeRequest), Object(CakeResponse))
#1 {main}
2016-06-20 13:54:41 Error: [MissingControllerException] Controller class AssetsController could not be found.
Exception Attributes: array (
  'class' => 'AssetsController',
  'plugin' => NULL,
)
Request URL: /CakePHP-BackOffice/admin/assets/img/ui-sherman.jpg
Stack Trace:
#0 /opt/lampp/htdocs/CakePHP-BackOffice/app/webroot/index.php(111): Dispatcher->dispatch(Object(CakeRequest), Object(CakeResponse))
#1 {main}
2016-06-20 13:54:41 Error: [MissingControllerException] Controller class AssetsController could not be found.
Exception Attributes: array (
  'class' => 'AssetsController',
  'plugin' => NULL,
)
Request URL: /CakePHP-BackOffice/admin/assets/img/ui-sam.jpg
Stack Trace:
#0 /opt/lampp/htdocs/CakePHP-BackOffice/app/webroot/index.php(111): Dispatcher->dispatch(Object(CakeRequest), Object(CakeResponse))
#1 {main}
2016-06-20 13:54:41 Error: [MissingControllerException] Controller class AssetsController could not be found.
Exception Attributes: array (
  'class' => 'AssetsController',
  'plugin' => NULL,
)
Request URL: /CakePHP-BackOffice/admin/assets/img/ui-zac.jpg
Stack Trace:
#0 /opt/lampp/htdocs/CakePHP-BackOffice/app/webroot/index.php(111): Dispatcher->dispatch(Object(CakeRequest), Object(CakeResponse))
#1 {main}
2016-06-20 13:54:41 Error: [MissingControllerException] Controller class JsController could not be found.
Exception Attributes: array (
  'class' => 'JsController',
  'plugin' => NULL,
)
Request URL: /CakePHP-BackOffice/js/jquery.gritter.js
Stack Trace:
#0 /opt/lampp/htdocs/CakePHP-BackOffice/app/webroot/index.php(111): Dispatcher->dispatch(Object(CakeRequest), Object(CakeResponse))
#1 {main}
2016-06-20 13:54:41 Error: [MissingControllerException] Controller class ImgController could not be found.
Exception Attributes: array (
  'class' => 'ImgController',
  'plugin' => NULL,
)
Request URL: /CakePHP-BackOffice/img/nav-expand.png
Stack Trace:
#0 /opt/lampp/htdocs/CakePHP-BackOffice/app/webroot/index.php(111): Dispatcher->dispatch(Object(CakeRequest), Object(CakeResponse))
#1 {main}
2016-06-20 13:57:45 Error: [MissingControllerException] Controller class JsController could not be found.
Exception Attributes: array (
  'class' => 'JsController',
  'plugin' => NULL,
)
Request URL: /CakePHP-BackOffice/js/jquery.gritter.js
Stack Trace:
#0 /opt/lampp/htdocs/CakePHP-BackOffice/app/webroot/index.php(111): Dispatcher->dispatch(Object(CakeRequest), Object(CakeResponse))
#1 {main}
2016-06-20 13:57:45 Error: [MissingControllerException] Controller class AssetsController could not be found.
Exception Attributes: array (
  'class' => 'AssetsController',
  'plugin' => NULL,
)
Request URL: /CakePHP-BackOffice/admin/assets/img/ui-zac.jpg
Stack Trace:
#0 /opt/lampp/htdocs/CakePHP-BackOffice/app/webroot/index.php(111): Dispatcher->dispatch(Object(CakeRequest), Object(CakeResponse))
#1 {main}
2016-06-20 13:57:45 Error: [MissingControllerException] Controller class AssetsController could not be found.
Exception Attributes: array (
  'class' => 'AssetsController',
  'plugin' => NULL,
)
Request URL: /CakePHP-BackOffice/admin/assets/img/ui-divya.jpg
Stack Trace:
#0 /opt/lampp/htdocs/CakePHP-BackOffice/app/webroot/index.php(111): Dispatcher->dispatch(Object(CakeRequest), Object(CakeResponse))
#1 {main}
2016-06-20 13:57:45 Error: [MissingControllerException] Controller class AssetsController could not be found.
Exception Attributes: array (
  'class' => 'AssetsController',
  'plugin' => NULL,
)
Request URL: /CakePHP-BackOffice/admin/assets/img/ui-danro.jpg
Stack Trace:
#0 /opt/lampp/htdocs/CakePHP-BackOffice/app/webroot/index.php(111): Dispatcher->dispatch(Object(CakeRequest), Object(CakeResponse))
#1 {main}
2016-06-20 13:57:45 Error: [MissingControllerException] Controller class AssetsController could not be found.
Exception Attributes: array (
  'class' => 'AssetsController',
  'plugin' => NULL,
)
Request URL: /CakePHP-BackOffice/admin/assets/img/ui-sherman.jpg
Stack Trace:
#0 /opt/lampp/htdocs/CakePHP-BackOffice/app/webroot/index.php(111): Dispatcher->dispatch(Object(CakeRequest), Object(CakeResponse))
#1 {main}
2016-06-20 13:57:45 Error: [MissingControllerException] Controller class AssetsController could not be found.
Exception Attributes: array (
  'class' => 'AssetsController',
  'plugin' => NULL,
)
Request URL: /CakePHP-BackOffice/admin/assets/img/ui-sam.jpg
Stack Trace:
#0 /opt/lampp/htdocs/CakePHP-BackOffice/app/webroot/index.php(111): Dispatcher->dispatch(Object(CakeRequest), Object(CakeResponse))
#1 {main}
2016-06-20 13:57:46 Error: [MissingControllerException] Controller class AssetsController could not be found.
Exception Attributes: array (
  'class' => 'AssetsController',
  'plugin' => NULL,
)
Request URL: /CakePHP-BackOffice/admin/assets/img/ui-danro.jpg
Stack Trace:
#0 /opt/lampp/htdocs/CakePHP-BackOffice/app/webroot/index.php(111): Dispatcher->dispatch(Object(CakeRequest), Object(CakeResponse))
#1 {main}
2016-06-20 13:57:46 Error: [MissingControllerException] Controller class AssetsController could not be found.
Exception Attributes: array (
  'class' => 'AssetsController',
  'plugin' => NULL,
)
Request URL: /CakePHP-BackOffice/admin/assets/img/ui-zac.jpg
Stack Trace:
#0 /opt/lampp/htdocs/CakePHP-BackOffice/app/webroot/index.php(111): Dispatcher->dispatch(Object(CakeRequest), Object(CakeResponse))
#1 {main}
2016-06-20 13:57:46 Error: [MissingControllerException] Controller class AssetsController could not be found.
Exception Attributes: array (
  'class' => 'AssetsController',
  'plugin' => NULL,
)
Request URL: /CakePHP-BackOffice/admin/assets/img/ui-sherman.jpg
Stack Trace:
#0 /opt/lampp/htdocs/CakePHP-BackOffice/app/webroot/index.php(111): Dispatcher->dispatch(Object(CakeRequest), Object(CakeResponse))
#1 {main}
2016-06-20 13:57:46 Error: [MissingControllerException] Controller class AssetsController could not be found.
Exception Attributes: array (
  'class' => 'AssetsController',
  'plugin' => NULL,
)
Request URL: /CakePHP-BackOffice/admin/assets/img/ui-divya.jpg
Stack Trace:
#0 /opt/lampp/htdocs/CakePHP-BackOffice/app/webroot/index.php(111): Dispatcher->dispatch(Object(CakeRequest), Object(CakeResponse))
#1 {main}
2016-06-20 13:57:46 Error: [MissingControllerException] Controller class AssetsController could not be found.
Exception Attributes: array (
  'class' => 'AssetsController',
  'plugin' => NULL,
)
Request URL: /CakePHP-BackOffice/admin/assets/img/ui-sam.jpg
Stack Trace:
#0 /opt/lampp/htdocs/CakePHP-BackOffice/app/webroot/index.php(111): Dispatcher->dispatch(Object(CakeRequest), Object(CakeResponse))
#1 {main}
2016-06-20 13:57:46 Error: [MissingControllerException] Controller class JsController could not be found.
Exception Attributes: array (
  'class' => 'JsController',
  'plugin' => NULL,
)
Request URL: /CakePHP-BackOffice/js/jquery.gritter.js
Stack Trace:
#0 /opt/lampp/htdocs/CakePHP-BackOffice/app/webroot/index.php(111): Dispatcher->dispatch(Object(CakeRequest), Object(CakeResponse))
#1 {main}
2016-06-20 13:57:46 Error: [MissingControllerException] Controller class ImgController could not be found.
Exception Attributes: array (
  'class' => 'ImgController',
  'plugin' => NULL,
)
Request URL: /CakePHP-BackOffice/img/nav-expand.png
Stack Trace:
#0 /opt/lampp/htdocs/CakePHP-BackOffice/app/webroot/index.php(111): Dispatcher->dispatch(Object(CakeRequest), Object(CakeResponse))
#1 {main}
2016-06-20 13:57:54 Error: [MissingControllerException] Controller class ImgController could not be found.
Exception Attributes: array (
  'class' => 'ImgController',
  'plugin' => NULL,
)
Request URL: /CakePHP-BackOffice/img/nav-expand.png
Stack Trace:
#0 /opt/lampp/htdocs/CakePHP-BackOffice/app/webroot/index.php(111): Dispatcher->dispatch(Object(CakeRequest), Object(CakeResponse))
#1 {main}
2016-06-20 13:57:56 Error: [MissingControllerException] Controller class Blank.htmlController could not be found.
Exception Attributes: array (
  'class' => 'Blank.htmlController',
  'plugin' => NULL,
)
Request URL: /CakePHP-BackOffice/admin/blank.html
Stack Trace:
#0 /opt/lampp/htdocs/CakePHP-BackOffice/app/webroot/index.php(111): Dispatcher->dispatch(Object(CakeRequest), Object(CakeResponse))
#1 {main}
2016-06-20 13:57:56 Error: [MissingControllerException] Controller class AssetsController could not be found.
Exception Attributes: array (
  'class' => 'AssetsController',
  'plugin' => NULL,
)
Request URL: /CakePHP-BackOffice/admin/assets/img/ui-divya.jpg
Stack Trace:
#0 /opt/lampp/htdocs/CakePHP-BackOffice/app/webroot/index.php(111): Dispatcher->dispatch(Object(CakeRequest), Object(CakeResponse))
#1 {main}
2016-06-20 13:57:56 Error: [MissingControllerException] Controller class AssetsController could not be found.
Exception Attributes: array (
  'class' => 'AssetsController',
  'plugin' => NULL,
)
Request URL: /CakePHP-BackOffice/admin/assets/img/ui-danro.jpg
Stack Trace:
#0 /opt/lampp/htdocs/CakePHP-BackOffice/app/webroot/index.php(111): Dispatcher->dispatch(Object(CakeRequest), Object(CakeResponse))
#1 {main}
2016-06-20 13:57:56 Error: [MissingControllerException] Controller class AssetsController could not be found.
Exception Attributes: array (
  'class' => 'AssetsController',
  'plugin' => NULL,
)
Request URL: /CakePHP-BackOffice/admin/assets/img/ui-zac.jpg
Stack Trace:
#0 /opt/lampp/htdocs/CakePHP-BackOffice/app/webroot/index.php(111): Dispatcher->dispatch(Object(CakeRequest), Object(CakeResponse))
#1 {main}
2016-06-20 13:57:56 Error: [MissingControllerException] Controller class AssetsController could not be found.
Exception Attributes: array (
  'class' => 'AssetsController',
  'plugin' => NULL,
)
Request URL: /CakePHP-BackOffice/admin/assets/img/ui-sherman.jpg
Stack Trace:
#0 /opt/lampp/htdocs/CakePHP-BackOffice/app/webroot/index.php(111): Dispatcher->dispatch(Object(CakeRequest), Object(CakeResponse))
#1 {main}
2016-06-20 13:57:56 Error: [MissingControllerException] Controller class JsController could not be found.
Exception Attributes: array (
  'class' => 'JsController',
  'plugin' => NULL,
)
Request URL: /CakePHP-BackOffice/js/jquery.gritter.js
Stack Trace:
#0 /opt/lampp/htdocs/CakePHP-BackOffice/app/webroot/index.php(111): Dispatcher->dispatch(Object(CakeRequest), Object(CakeResponse))
#1 {main}
2016-06-20 13:57:56 Error: [MissingControllerException] Controller class AssetsController could not be found.
Exception Attributes: array (
  'class' => 'AssetsController',
  'plugin' => NULL,
)
Request URL: /CakePHP-BackOffice/admin/assets/img/ui-sam.jpg
Stack Trace:
#0 /opt/lampp/htdocs/CakePHP-BackOffice/app/webroot/index.php(111): Dispatcher->dispatch(Object(CakeRequest), Object(CakeResponse))
#1 {main}
2016-06-20 13:57:56 Error: [MissingControllerException] Controller class ImgController could not be found.
Exception Attributes: array (
  'class' => 'ImgController',
  'plugin' => NULL,
)
Request URL: /CakePHP-BackOffice/img/nav-expand.png
Stack Trace:
#0 /opt/lampp/htdocs/CakePHP-BackOffice/app/webroot/index.php(111): Dispatcher->dispatch(Object(CakeRequest), Object(CakeResponse))
#1 {main}
2016-06-20 13:58:48 Error: [MissingControllerException] Controller class JsController could not be found.
Exception Attributes: array (
  'class' => 'JsController',
  'plugin' => NULL,
)
Request URL: /CakePHP-BackOffice/js/jquery.gritter.js
Stack Trace:
#0 /opt/lampp/htdocs/CakePHP-BackOffice/app/webroot/index.php(111): Dispatcher->dispatch(Object(CakeRequest), Object(CakeResponse))
#1 {main}
2016-06-20 13:58:48 Error: [MissingControllerException] Controller class AssetsController could not be found.
Exception Attributes: array (
  'class' => 'AssetsController',
  'plugin' => NULL,
)
Request URL: /CakePHP-BackOffice/admin/assets/img/ui-zac.jpg
Stack Trace:
#0 /opt/lampp/htdocs/CakePHP-BackOffice/app/webroot/index.php(111): Dispatcher->dispatch(Object(CakeRequest), Object(CakeResponse))
#1 {main}
2016-06-20 13:58:48 Error: [MissingControllerException] Controller class AssetsController could not be found.
Exception Attributes: array (
  'class' => 'AssetsController',
  'plugin' => NULL,
)
Request URL: /CakePHP-BackOffice/admin/assets/img/ui-divya.jpg
Stack Trace:
#0 /opt/lampp/htdocs/CakePHP-BackOffice/app/webroot/index.php(111): Dispatcher->dispatch(Object(CakeRequest), Object(CakeResponse))
#1 {main}
2016-06-20 13:58:48 Error: [MissingControllerException] Controller class AssetsController could not be found.
Exception Attributes: array (
  'class' => 'AssetsController',
  'plugin' => NULL,
)
Request URL: /CakePHP-BackOffice/admin/assets/img/ui-danro.jpg
Stack Trace:
#0 /opt/lampp/htdocs/CakePHP-BackOffice/app/webroot/index.php(111): Dispatcher->dispatch(Object(CakeRequest), Object(CakeResponse))
#1 {main}
2016-06-20 13:58:48 Error: [MissingControllerException] Controller class AssetsController could not be found.
Exception Attributes: array (
  'class' => 'AssetsController',
  'plugin' => NULL,
)
Request URL: /CakePHP-BackOffice/admin/assets/img/ui-sherman.jpg
Stack Trace:
#0 /opt/lampp/htdocs/CakePHP-BackOffice/app/webroot/index.php(111): Dispatcher->dispatch(Object(CakeRequest), Object(CakeResponse))
#1 {main}
2016-06-20 13:58:48 Error: [MissingControllerException] Controller class AssetsController could not be found.
Exception Attributes: array (
  'class' => 'AssetsController',
  'plugin' => NULL,
)
Request URL: /CakePHP-BackOffice/admin/assets/img/ui-sam.jpg
Stack Trace:
#0 /opt/lampp/htdocs/CakePHP-BackOffice/app/webroot/index.php(111): Dispatcher->dispatch(Object(CakeRequest), Object(CakeResponse))
#1 {main}
2016-06-20 13:58:48 Error: [MissingControllerException] Controller class AssetsController could not be found.
Exception Attributes: array (
  'class' => 'AssetsController',
  'plugin' => NULL,
)
Request URL: /CakePHP-BackOffice/admin/assets/img/ui-divya.jpg
Stack Trace:
#0 /opt/lampp/htdocs/CakePHP-BackOffice/app/webroot/index.php(111): Dispatcher->dispatch(Object(CakeRequest), Object(CakeResponse))
#1 {main}
2016-06-20 13:58:48 Error: [MissingControllerException] Controller class AssetsController could not be found.
Exception Attributes: array (
  'class' => 'AssetsController',
  'plugin' => NULL,
)
Request URL: /CakePHP-BackOffice/admin/assets/img/ui-zac.jpg
Stack Trace:
#0 /opt/lampp/htdocs/CakePHP-BackOffice/app/webroot/index.php(111): Dispatcher->dispatch(Object(CakeRequest), Object(CakeResponse))
#1 {main}
2016-06-20 13:58:48 Error: [MissingControllerException] Controller class AssetsController could not be found.
Exception Attributes: array (
  'class' => 'AssetsController',
  'plugin' => NULL,
)
Request URL: /CakePHP-BackOffice/admin/assets/img/ui-sherman.jpg
Stack Trace:
#0 /opt/lampp/htdocs/CakePHP-BackOffice/app/webroot/index.php(111): Dispatcher->dispatch(Object(CakeRequest), Object(CakeResponse))
#1 {main}
2016-06-20 13:58:48 Error: [MissingControllerException] Controller class AssetsController could not be found.
Exception Attributes: array (
  'class' => 'AssetsController',
  'plugin' => NULL,
)
Request URL: /CakePHP-BackOffice/admin/assets/img/ui-danro.jpg
Stack Trace:
#0 /opt/lampp/htdocs/CakePHP-BackOffice/app/webroot/index.php(111): Dispatcher->dispatch(Object(CakeRequest), Object(CakeResponse))
#1 {main}
2016-06-20 13:58:48 Error: [MissingControllerException] Controller class JsController could not be found.
Exception Attributes: array (
  'class' => 'JsController',
  'plugin' => NULL,
)
Request URL: /CakePHP-BackOffice/js/jquery.gritter.js
Stack Trace:
#0 /opt/lampp/htdocs/CakePHP-BackOffice/app/webroot/index.php(111): Dispatcher->dispatch(Object(CakeRequest), Object(CakeResponse))
#1 {main}
2016-06-20 13:58:49 Error: [MissingControllerException] Controller class ImgController could not be found.
Exception Attributes: array (
  'class' => 'ImgController',
  'plugin' => NULL,
)
Request URL: /CakePHP-BackOffice/img/nav-expand.png
Stack Trace:
#0 /opt/lampp/htdocs/CakePHP-BackOffice/app/webroot/index.php(111): Dispatcher->dispatch(Object(CakeRequest), Object(CakeResponse))
#1 {main}
2016-06-20 14:01:20 Error: [MissingControllerException] Controller class JsController could not be found.
Exception Attributes: array (
  'class' => 'JsController',
  'plugin' => NULL,
)
Request URL: /CakePHP-BackOffice/js/jquery.gritter.js
Stack Trace:
#0 /opt/lampp/htdocs/CakePHP-BackOffice/app/webroot/index.php(111): Dispatcher->dispatch(Object(CakeRequest), Object(CakeResponse))
#1 {main}
2016-06-20 14:01:20 Error: [MissingControllerException] Controller class AssetsController could not be found.
Exception Attributes: array (
  'class' => 'AssetsController',
  'plugin' => NULL,
)
Request URL: /CakePHP-BackOffice/admin/assets/img/ui-zac.jpg
Stack Trace:
#0 /opt/lampp/htdocs/CakePHP-BackOffice/app/webroot/index.php(111): Dispatcher->dispatch(Object(CakeRequest), Object(CakeResponse))
#1 {main}
2016-06-20 14:01:20 Error: [MissingControllerException] Controller class AssetsController could not be found.
Exception Attributes: array (
  'class' => 'AssetsController',
  'plugin' => NULL,
)
Request URL: /CakePHP-BackOffice/admin/assets/img/ui-divya.jpg
Stack Trace:
#0 /opt/lampp/htdocs/CakePHP-BackOffice/app/webroot/index.php(111): Dispatcher->dispatch(Object(CakeRequest), Object(CakeResponse))
#1 {main}
2016-06-20 14:01:20 Error: [MissingControllerException] Controller class AssetsController could not be found.
Exception Attributes: array (
  'class' => 'AssetsController',
  'plugin' => NULL,
)
Request URL: /CakePHP-BackOffice/admin/assets/img/ui-danro.jpg
Stack Trace:
#0 /opt/lampp/htdocs/CakePHP-BackOffice/app/webroot/index.php(111): Dispatcher->dispatch(Object(CakeRequest), Object(CakeResponse))
#1 {main}
2016-06-20 14:01:20 Error: [MissingControllerException] Controller class AssetsController could not be found.
Exception Attributes: array (
  'class' => 'AssetsController',
  'plugin' => NULL,
)
Request URL: /CakePHP-BackOffice/admin/assets/img/ui-sherman.jpg
Stack Trace:
#0 /opt/lampp/htdocs/CakePHP-BackOffice/app/webroot/index.php(111): Dispatcher->dispatch(Object(CakeRequest), Object(CakeResponse))
#1 {main}
2016-06-20 14:01:20 Error: [MissingControllerException] Controller class AssetsController could not be found.
Exception Attributes: array (
  'class' => 'AssetsController',
  'plugin' => NULL,
)
Request URL: /CakePHP-BackOffice/admin/assets/img/ui-sam.jpg
Stack Trace:
#0 /opt/lampp/htdocs/CakePHP-BackOffice/app/webroot/index.php(111): Dispatcher->dispatch(Object(CakeRequest), Object(CakeResponse))
#1 {main}
2016-06-20 14:01:21 Error: [MissingControllerException] Controller class AssetsController could not be found.
Exception Attributes: array (
  'class' => 'AssetsController',
  'plugin' => NULL,
)
Request URL: /CakePHP-BackOffice/admin/assets/img/ui-sherman.jpg
Stack Trace:
#0 /opt/lampp/htdocs/CakePHP-BackOffice/app/webroot/index.php(111): Dispatcher->dispatch(Object(CakeRequest), Object(CakeResponse))
#1 {main}
2016-06-20 14:01:21 Error: [MissingControllerException] Controller class AssetsController could not be found.
Exception Attributes: array (
  'class' => 'AssetsController',
  'plugin' => NULL,
)
Request URL: /CakePHP-BackOffice/admin/assets/img/ui-sam.jpg
Stack Trace:
#0 /opt/lampp/htdocs/CakePHP-BackOffice/app/webroot/index.php(111): Dispatcher->dispatch(Object(CakeRequest), Object(CakeResponse))
#1 {main}
2016-06-20 14:01:21 Error: [MissingControllerException] Controller class AssetsController could not be found.
Exception Attributes: array (
  'class' => 'AssetsController',
  'plugin' => NULL,
)
Request URL: /CakePHP-BackOffice/admin/assets/img/ui-danro.jpg
Stack Trace:
#0 /opt/lampp/htdocs/CakePHP-BackOffice/app/webroot/index.php(111): Dispatcher->dispatch(Object(CakeRequest), Object(CakeResponse))
#1 {main}
2016-06-20 14:01:21 Error: [MissingControllerException] Controller class AssetsController could not be found.
Exception Attributes: array (
  'class' => 'AssetsController',
  'plugin' => NULL,
)
Request URL: /CakePHP-BackOffice/admin/assets/img/ui-zac.jpg
Stack Trace:
#0 /opt/lampp/htdocs/CakePHP-BackOffice/app/webroot/index.php(111): Dispatcher->dispatch(Object(CakeRequest), Object(CakeResponse))
#1 {main}
2016-06-20 14:01:21 Error: [MissingControllerException] Controller class AssetsController could not be found.
Exception Attributes: array (
  'class' => 'AssetsController',
  'plugin' => NULL,
)
Request URL: /CakePHP-BackOffice/admin/assets/img/ui-divya.jpg
Stack Trace:
#0 /opt/lampp/htdocs/CakePHP-BackOffice/app/webroot/index.php(111): Dispatcher->dispatch(Object(CakeRequest), Object(CakeResponse))
#1 {main}
2016-06-20 14:01:21 Error: [MissingControllerException] Controller class JsController could not be found.
Exception Attributes: array (
  'class' => 'JsController',
  'plugin' => NULL,
)
Request URL: /CakePHP-BackOffice/js/jquery.gritter.js
Stack Trace:
#0 /opt/lampp/htdocs/CakePHP-BackOffice/app/webroot/index.php(111): Dispatcher->dispatch(Object(CakeRequest), Object(CakeResponse))
#1 {main}
2016-06-20 14:01:21 Error: [MissingControllerException] Controller class ImgController could not be found.
Exception Attributes: array (
  'class' => 'ImgController',
  'plugin' => NULL,
)
Request URL: /CakePHP-BackOffice/img/nav-expand.png
Stack Trace:
#0 /opt/lampp/htdocs/CakePHP-BackOffice/app/webroot/index.php(111): Dispatcher->dispatch(Object(CakeRequest), Object(CakeResponse))
#1 {main}
2016-06-20 14:08:29 Error: [MissingViewException] View file "Users/admin_login.ctp" is missing.
Exception Attributes: array (
  'file' => 'Users/admin_login.ctp',
)
Request URL: /CakePHP-BackOffice/admin/users/login
Stack Trace:
#0 /opt/lampp/htdocs/CakePHP-BackOffice/lib/Cake/View/View.php(470): View->_getViewFileName(NULL)
#1 /opt/lampp/htdocs/CakePHP-BackOffice/lib/Cake/Controller/Controller.php(963): View->render(NULL, NULL)
#2 /opt/lampp/htdocs/CakePHP-BackOffice/lib/Cake/Routing/Dispatcher.php(200): Controller->render()
#3 /opt/lampp/htdocs/CakePHP-BackOffice/lib/Cake/Routing/Dispatcher.php(167): Dispatcher->_invoke(Object(UsersController), Object(CakeRequest))
#4 /opt/lampp/htdocs/CakePHP-BackOffice/app/webroot/index.php(111): Dispatcher->dispatch(Object(CakeRequest), Object(CakeResponse))
#5 {main}
2016-06-20 14:08:30 Error: [MissingActionException] Action UsersController::admin_assets() could not be found.
Exception Attributes: array (
  'controller' => 'UsersController',
  'action' => 'admin_assets',
)
Request URL: /CakePHP-BackOffice/admin/users/assets/img/ui-divya.jpg
Stack Trace:
#0 /opt/lampp/htdocs/CakePHP-BackOffice/lib/Cake/Routing/Dispatcher.php(193): Controller->invokeAction(Object(CakeRequest))
#1 /opt/lampp/htdocs/CakePHP-BackOffice/lib/Cake/Routing/Dispatcher.php(167): Dispatcher->_invoke(Object(UsersController), Object(CakeRequest))
#2 /opt/lampp/htdocs/CakePHP-BackOffice/app/webroot/index.php(111): Dispatcher->dispatch(Object(CakeRequest), Object(CakeResponse))
#3 {main}
2016-06-20 14:08:30 Error: [MissingActionException] Action UsersController::admin_assets() could not be found.
Exception Attributes: array (
  'controller' => 'UsersController',
  'action' => 'admin_assets',
)
Request URL: /CakePHP-BackOffice/admin/users/assets/img/ui-zac.jpg
Stack Trace:
#0 /opt/lampp/htdocs/CakePHP-BackOffice/lib/Cake/Routing/Dispatcher.php(193): Controller->invokeAction(Object(CakeRequest))
#1 /opt/lampp/htdocs/CakePHP-BackOffice/lib/Cake/Routing/Dispatcher.php(167): Dispatcher->_invoke(Object(UsersController), Object(CakeRequest))
#2 /opt/lampp/htdocs/CakePHP-BackOffice/app/webroot/index.php(111): Dispatcher->dispatch(Object(CakeRequest), Object(CakeResponse))
#3 {main}
2016-06-20 14:08:30 Error: [MissingActionException] Action UsersController::admin_assets() could not be found.
Exception Attributes: array (
  'controller' => 'UsersController',
  'action' => 'admin_assets',
)
Request URL: /CakePHP-BackOffice/admin/users/assets/img/ui-sam.jpg
Stack Trace:
#0 /opt/lampp/htdocs/CakePHP-BackOffice/lib/Cake/Routing/Dispatcher.php(193): Controller->invokeAction(Object(CakeRequest))
#1 /opt/lampp/htdocs/CakePHP-BackOffice/lib/Cake/Routing/Dispatcher.php(167): Dispatcher->_invoke(Object(UsersController), Object(CakeRequest))
#2 /opt/lampp/htdocs/CakePHP-BackOffice/app/webroot/index.php(111): Dispatcher->dispatch(Object(CakeRequest), Object(CakeResponse))
#3 {main}
2016-06-20 14:08:30 Error: [MissingActionException] Action UsersController::admin_assets() could not be found.
Exception Attributes: array (
  'controller' => 'UsersController',
  'action' => 'admin_assets',
)
Request URL: /CakePHP-BackOffice/admin/users/assets/img/ui-sherman.jpg
Stack Trace:
#0 /opt/lampp/htdocs/CakePHP-BackOffice/lib/Cake/Routing/Dispatcher.php(193): Controller->invokeAction(Object(CakeRequest))
#1 /opt/lampp/htdocs/CakePHP-BackOffice/lib/Cake/Routing/Dispatcher.php(167): Dispatcher->_invoke(Object(UsersController), Object(CakeRequest))
#2 /opt/lampp/htdocs/CakePHP-BackOffice/app/webroot/index.php(111): Dispatcher->dispatch(Object(CakeRequest), Object(CakeResponse))
#3 {main}
2016-06-20 14:08:30 Error: [MissingActionException] Action UsersController::admin_assets() could not be found.
Exception Attributes: array (
  'controller' => 'UsersController',
  'action' => 'admin_assets',
)
Request URL: /CakePHP-BackOffice/admin/users/assets/img/ui-danro.jpg
Stack Trace:
#0 /opt/lampp/htdocs/CakePHP-BackOffice/lib/Cake/Routing/Dispatcher.php(193): Controller->invokeAction(Object(CakeRequest))
#1 /opt/lampp/htdocs/CakePHP-BackOffice/lib/Cake/Routing/Dispatcher.php(167): Dispatcher->_invoke(Object(UsersController), Object(CakeRequest))
#2 /opt/lampp/htdocs/CakePHP-BackOffice/app/webroot/index.php(111): Dispatcher->dispatch(Object(CakeRequest), Object(CakeResponse))
#3 {main}
2016-06-20 14:08:30 Error: [MissingControllerException] Controller class JsController could not be found.
Exception Attributes: array (
  'class' => 'JsController',
  'plugin' => NULL,
)
Request URL: /CakePHP-BackOffice/js/jquery.gritter.js
Stack Trace:
#0 /opt/lampp/htdocs/CakePHP-BackOffice/app/webroot/index.php(111): Dispatcher->dispatch(Object(CakeRequest), Object(CakeResponse))
#1 {main}
2016-06-20 14:08:30 Error: [MissingControllerException] Controller class ImgController could not be found.
Exception Attributes: array (
  'class' => 'ImgController',
  'plugin' => NULL,
)
Request URL: /CakePHP-BackOffice/img/nav-expand.png
Stack Trace:
#0 /opt/lampp/htdocs/CakePHP-BackOffice/app/webroot/index.php(111): Dispatcher->dispatch(Object(CakeRequest), Object(CakeResponse))
#1 {main}
2016-06-20 14:09:09 Error: [MissingControllerException] Controller class JsController could not be found.
Exception Attributes: array (
  'class' => 'JsController',
  'plugin' => NULL,
)
Request URL: /CakePHP-BackOffice/js/jquery.gritter.js
Stack Trace:
#0 /opt/lampp/htdocs/CakePHP-BackOffice/app/webroot/index.php(111): Dispatcher->dispatch(Object(CakeRequest), Object(CakeResponse))
#1 {main}
2016-06-20 14:09:10 Error: [MissingControllerException] Controller class JsController could not be found.
Exception Attributes: array (
  'class' => 'JsController',
  'plugin' => NULL,
)
Request URL: /CakePHP-BackOffice/js/jquery.gritter.js
Stack Trace:
#0 /opt/lampp/htdocs/CakePHP-BackOffice/app/webroot/index.php(111): Dispatcher->dispatch(Object(CakeRequest), Object(CakeResponse))
#1 {main}
2016-06-20 14:12:19 Error: Fatal Error (1): Call to a member function allow() on null in [/opt/lampp/htdocs/CakePHP-BackOffice/app/Controller/UsersController.php, line 22]
2016-06-20 14:12:19 Error: [FatalErrorException] Call to a member function allow() on null
Request URL: /CakePHP-BackOffice/admin/users/login
Stack Trace:
#0 /opt/lampp/htdocs/CakePHP-BackOffice/lib/Cake/Error/ErrorHandler.php(213): ErrorHandler::handleFatalError(1, 'Call to a membe...', '/opt/lampp/htdo...', 22)
#1 [internal function]: ErrorHandler::handleError(1, 'Call to a membe...', '/opt/lampp/htdo...', 22, Array)
#2 /opt/lampp/htdocs/CakePHP-BackOffice/lib/Cake/Core/App.php(970): call_user_func('ErrorHandler::h...', 1, 'Call to a membe...', '/opt/lampp/htdo...', 22, Array)
#3 /opt/lampp/htdocs/CakePHP-BackOffice/lib/Cake/Core/App.php(943): App::_checkFatalError()
#4 [internal function]: App::shutdown()
#5 {main}
2016-06-20 14:12:19 Error: [MissingControllerException] Controller class JsController could not be found.
Exception Attributes: array (
  'class' => 'JsController',
  'plugin' => NULL,
)
Request URL: /CakePHP-BackOffice/js/jquery.gritter.js
Stack Trace:
#0 /opt/lampp/htdocs/CakePHP-BackOffice/app/webroot/index.php(111): Dispatcher->dispatch(Object(CakeRequest), Object(CakeResponse))
#1 {main}
2016-06-20 14:12:19 Error: Fatal Error (1): Call to a member function allow() on null in [/opt/lampp/htdocs/CakePHP-BackOffice/app/Controller/UsersController.php, line 22]
2016-06-20 14:12:19 Error: [FatalErrorException] Call to a member function allow() on null
Request URL: /CakePHP-BackOffice/admin/users/assets/img/ui-zac.jpg
Stack Trace:
#0 /opt/lampp/htdocs/CakePHP-BackOffice/lib/Cake/Error/ErrorHandler.php(213): ErrorHandler::handleFatalError(1, 'Call to a membe...', '/opt/lampp/htdo...', 22)
#1 [internal function]: ErrorHandler::handleError(1, 'Call to a membe...', '/opt/lampp/htdo...', 22, Array)
#2 /opt/lampp/htdocs/CakePHP-BackOffice/lib/Cake/Core/App.php(970): call_user_func('ErrorHandler::h...', 1, 'Call to a membe...', '/opt/lampp/htdo...', 22, Array)
#3 /opt/lampp/htdocs/CakePHP-BackOffice/lib/Cake/Core/App.php(943): App::_checkFatalError()
#4 [internal function]: App::shutdown()
#5 {main}
2016-06-20 14:12:19 Error: Fatal Error (1): Call to a member function allow() on null in [/opt/lampp/htdocs/CakePHP-BackOffice/app/Controller/UsersController.php, line 22]
2016-06-20 14:12:19 Error: [FatalErrorException] Call to a member function allow() on null
Request URL: /CakePHP-BackOffice/admin/users/assets/img/ui-divya.jpg
Stack Trace:
#0 /opt/lampp/htdocs/CakePHP-BackOffice/lib/Cake/Error/ErrorHandler.php(213): ErrorHandler::handleFatalError(1, 'Call to a membe...', '/opt/lampp/htdo...', 22)
#1 [internal function]: ErrorHandler::handleError(1, 'Call to a membe...', '/opt/lampp/htdo...', 22, Array)
#2 /opt/lampp/htdocs/CakePHP-BackOffice/lib/Cake/Core/App.php(970): call_user_func('ErrorHandler::h...', 1, 'Call to a membe...', '/opt/lampp/htdo...', 22, Array)
#3 /opt/lampp/htdocs/CakePHP-BackOffice/lib/Cake/Core/App.php(943): App::_checkFatalError()
#4 [internal function]: App::shutdown()
#5 {main}
2016-06-20 14:12:19 Error: Fatal Error (1): Call to a member function allow() on null in [/opt/lampp/htdocs/CakePHP-BackOffice/app/Controller/UsersController.php, line 22]
2016-06-20 14:12:19 Error: [FatalErrorException] Call to a member function allow() on null
Request URL: /CakePHP-BackOffice/admin/users/assets/img/ui-sam.jpg
Stack Trace:
#0 /opt/lampp/htdocs/CakePHP-BackOffice/lib/Cake/Error/ErrorHandler.php(213): ErrorHandler::handleFatalError(1, 'Call to a membe...', '/opt/lampp/htdo...', 22)
#1 [internal function]: ErrorHandler::handleError(1, 'Call to a membe...', '/opt/lampp/htdo...', 22, Array)
#2 /opt/lampp/htdocs/CakePHP-BackOffice/lib/Cake/Core/App.php(970): call_user_func('ErrorHandler::h...', 1, 'Call to a membe...', '/opt/lampp/htdo...', 22, Array)
#3 /opt/lampp/htdocs/CakePHP-BackOffice/lib/Cake/Core/App.php(943): App::_checkFatalError()
#4 [internal function]: App::shutdown()
#5 {main}
2016-06-20 14:12:19 Error: Fatal Error (1): Call to a member function allow() on null in [/opt/lampp/htdocs/CakePHP-BackOffice/app/Controller/UsersController.php, line 22]
2016-06-20 14:12:19 Error: [FatalErrorException] Call to a member function allow() on null
Request URL: /CakePHP-BackOffice/admin/users/assets/img/ui-danro.jpg
Stack Trace:
#0 /opt/lampp/htdocs/CakePHP-BackOffice/lib/Cake/Error/ErrorHandler.php(213): ErrorHandler::handleFatalError(1, 'Call to a membe...', '/opt/lampp/htdo...', 22)
#1 [internal function]: ErrorHandler::handleError(1, 'Call to a membe...', '/opt/lampp/htdo...', 22, Array)
#2 /opt/lampp/htdocs/CakePHP-BackOffice/lib/Cake/Core/App.php(970): call_user_func('ErrorHandler::h...', 1, 'Call to a membe...', '/opt/lampp/htdo...', 22, Array)
#3 /opt/lampp/htdocs/CakePHP-BackOffice/lib/Cake/Core/App.php(943): App::_checkFatalError()
#4 [internal function]: App::shutdown()
#5 {main}
2016-06-20 14:12:19 Error: Fatal Error (1): Call to a member function allow() on null in [/opt/lampp/htdocs/CakePHP-BackOffice/app/Controller/UsersController.php, line 22]
2016-06-20 14:12:19 Error: [FatalErrorException] Call to a member function allow() on null
Request URL: /CakePHP-BackOffice/admin/users/assets/img/ui-sherman.jpg
Stack Trace:
#0 /opt/lampp/htdocs/CakePHP-BackOffice/lib/Cake/Error/ErrorHandler.php(213): ErrorHandler::handleFatalError(1, 'Call to a membe...', '/opt/lampp/htdo...', 22)
#1 [internal function]: ErrorHandler::handleError(1, 'Call to a membe...', '/opt/lampp/htdo...', 22, Array)
#2 /opt/lampp/htdocs/CakePHP-BackOffice/lib/Cake/Core/App.php(970): call_user_func('ErrorHandler::h...', 1, 'Call to a membe...', '/opt/lampp/htdo...', 22, Array)
#3 /opt/lampp/htdocs/CakePHP-BackOffice/lib/Cake/Core/App.php(943): App::_checkFatalError()
#4 [internal function]: App::shutdown()
#5 {main}
2016-06-20 14:12:19 Error: Fatal Error (1): Call to a member function allow() on null in [/opt/lampp/htdocs/CakePHP-BackOffice/app/Controller/UsersController.php, line 22]
2016-06-20 14:12:19 Error: [FatalErrorException] Call to a member function allow() on null
Request URL: /CakePHP-BackOffice/admin/users/assets/img/ui-zac.jpg
Stack Trace:
#0 /opt/lampp/htdocs/CakePHP-BackOffice/lib/Cake/Error/ErrorHandler.php(213): ErrorHandler::handleFatalError(1, 'Call to a membe...', '/opt/lampp/htdo...', 22)
#1 [internal function]: ErrorHandler::handleError(1, 'Call to a membe...', '/opt/lampp/htdo...', 22, Array)
#2 /opt/lampp/htdocs/CakePHP-BackOffice/lib/Cake/Core/App.php(970): call_user_func('ErrorHandler::h...', 1, 'Call to a membe...', '/opt/lampp/htdo...', 22, Array)
#3 /opt/lampp/htdocs/CakePHP-BackOffice/lib/Cake/Core/App.php(943): App::_checkFatalError()
#4 [internal function]: App::shutdown()
#5 {main}
2016-06-20 14:12:20 Error: [MissingControllerException] Controller class JsController could not be found.
Exception Attributes: array (
  'class' => 'JsController',
  'plugin' => NULL,
)
Request URL: /CakePHP-BackOffice/js/jquery.gritter.js
Stack Trace:
#0 /opt/lampp/htdocs/CakePHP-BackOffice/app/webroot/index.php(111): Dispatcher->dispatch(Object(CakeRequest), Object(CakeResponse))
#1 {main}
2016-06-20 14:12:20 Error: [MissingControllerException] Controller class ImgController could not be found.
Exception Attributes: array (
  'class' => 'ImgController',
  'plugin' => NULL,
)
Request URL: /CakePHP-BackOffice/img/nav-expand.png
Stack Trace:
#0 /opt/lampp/htdocs/CakePHP-BackOffice/app/webroot/index.php(111): Dispatcher->dispatch(Object(CakeRequest), Object(CakeResponse))
#1 {main}
2016-06-20 14:13:45 Error: [MissingControllerException] Controller class JsController could not be found.
Exception Attributes: array (
  'class' => 'JsController',
  'plugin' => NULL,
)
Request URL: /CakePHP-BackOffice/js/jquery.gritter.js
Stack Trace:
#0 /opt/lampp/htdocs/CakePHP-BackOffice/app/webroot/index.php(111): Dispatcher->dispatch(Object(CakeRequest), Object(CakeResponse))
#1 {main}
2016-06-20 14:13:46 Error: [MissingControllerException] Controller class JsController could not be found.
Exception Attributes: array (
  'class' => 'JsController',
  'plugin' => NULL,
)
Request URL: /CakePHP-BackOffice/js/jquery.gritter.js
Stack Trace:
#0 /opt/lampp/htdocs/CakePHP-BackOffice/app/webroot/index.php(111): Dispatcher->dispatch(Object(CakeRequest), Object(CakeResponse))
#1 {main}
2016-06-20 14:13:53 Error: [MissingControllerException] Controller class AdminController could not be found.
Exception Attributes: array (
  'class' => 'AdminController',
  'plugin' => NULL,
)
Request URL: /CakePHP-BackOffice/admin/
Stack Trace:
#0 /opt/lampp/htdocs/CakePHP-BackOffice/app/webroot/index.php(111): Dispatcher->dispatch(Object(CakeRequest), Object(CakeResponse))
#1 {main}
2016-06-20 14:14:02 Error: [MissingControllerException] Controller class JsController could not be found.
Exception Attributes: array (
  'class' => 'JsController',
  'plugin' => NULL,
)
Request URL: /CakePHP-BackOffice/js/jquery.gritter.js
Stack Trace:
#0 /opt/lampp/htdocs/CakePHP-BackOffice/app/webroot/index.php(111): Dispatcher->dispatch(Object(CakeRequest), Object(CakeResponse))
#1 {main}
2016-06-20 14:14:38 Error: [MissingControllerException] Controller class JsController could not be found.
Exception Attributes: array (
  'class' => 'JsController',
  'plugin' => NULL,
)
Request URL: /CakePHP-BackOffice/js/jquery.gritter.js
Stack Trace:
#0 /opt/lampp/htdocs/CakePHP-BackOffice/app/webroot/index.php(111): Dispatcher->dispatch(Object(CakeRequest), Object(CakeResponse))
#1 {main}
2016-06-20 14:14:39 Error: [MissingControllerException] Controller class JsController could not be found.
Exception Attributes: array (
  'class' => 'JsController',
  'plugin' => NULL,
)
Request URL: /CakePHP-BackOffice/js/jquery.gritter.js
Stack Trace:
#0 /opt/lampp/htdocs/CakePHP-BackOffice/app/webroot/index.php(111): Dispatcher->dispatch(Object(CakeRequest), Object(CakeResponse))
#1 {main}
